<?xml version="1.0" encoding="UTF-8"?>
<testsuite xmlns:xsi="http://www.w3.org/2001/XMLSchema-instance" xsi:noNamespaceSchemaLocation="https://maven.apache.org/surefire/maven-surefire-plugin/xsd/surefire-test-report-3.0.xsd" version="3.0" name="TestSuite" time="1.423" tests="29" errors="0" skipped="0" failures="8">
  <properties>
[...]
</properties>
  <testcase name="verifyTheCalculationsAreTheSome" classname="com.n3qa.lecture14.testng.a1_assertions.AssertEqualsDemonstration" time="0.019">
    <failure message="expected:&lt;4&gt; but was:&lt;5&gt;" type="java.lang.AssertionError"><![CDATA[java.lang.AssertionError: expected:<4> but was:<5>
	at org.testng.AssertJUnit.fail(AssertJUnit.java:65)
	at org.testng.AssertJUnit.failNotEquals(AssertJUnit.java:467)
	at org.testng.AssertJUnit.assertEquals(AssertJUnit.java:88)
	at org.testng.AssertJUnit.assertEquals(AssertJUnit.java:318)
	at org.testng.AssertJUnit.assertEquals(AssertJUnit.java:328)
	at com.n3qa.lecture14.testng.a1_assertions.AssertEqualsDemonstration.verifyTheCalculationsAreTheSome(AssertEqualsDemonstration.java:15)
	at java.base/jdk.internal.reflect.DirectMethodHandleAccessor.invoke(DirectMethodHandleAccessor.java:103)
	at java.base/java.lang.reflect.Method.invoke(Method.java:580)
	at org.testng.internal.invokers.MethodInvocationHelper.invokeMethod(MethodInvocationHelper.java:141)
	at org.testng.internal.invokers.TestInvoker.invokeMethod(TestInvoker.java:686)
	at org.testng.internal.invokers.TestInvoker.invokeTestMethod(TestInvoker.java:230)
	at org.testng.internal.invokers.MethodRunner.runInSequence(MethodRunner.java:63)
	at org.testng.internal.invokers.TestInvoker$MethodInvocationAgent.invoke(TestInvoker.java:992)
	at org.testng.internal.invokers.TestInvoker.invokeTestMethods(TestInvoker.java:203)
	at org.testng.internal.invokers.TestMethodWorker.invokeTestMethods(TestMethodWorker.java:154)
	at org.testng.internal.invokers.TestMethodWorker.run(TestMethodWorker.java:134)
	at java.base/java.util.ArrayList.forEach(ArrayList.java:1597)
	at org.testng.TestRunner.privateRun(TestRunner.java:739)
	at org.testng.TestRunner.run(TestRunner.java:614)
	at org.testng.SuiteRunner.runTest(SuiteRunner.java:421)
	at org.testng.SuiteRunner.runSequentially(SuiteRunner.java:413)
	at org.testng.SuiteRunner.privateRun(SuiteRunner.java:373)
	at org.testng.SuiteRunner.run(SuiteRunner.java:312)
	at org.testng.SuiteRunnerWorker.runSuite(SuiteRunnerWorker.java:52)
	at org.testng.SuiteRunnerWorker.run(SuiteRunnerWorker.java:95)
	at org.testng.TestNG.runSuitesSequentially(TestNG.java:1274)
	at org.testng.TestNG.runSuitesLocally(TestNG.java:1208)
	at org.testng.TestNG.runSuites(TestNG.java:1112)
	at org.testng.TestNG.run(TestNG.java:1079)
	at org.apache.maven.surefire.testng.TestNGExecutor.run(TestNGExecutor.java:324)
	at org.apache.maven.surefire.testng.TestNGXmlTestSuite.execute(TestNGXmlTestSuite.java:74)
	at org.apache.maven.surefire.testng.TestNGProvider.invoke(TestNGProvider.java:123)
	at org.apache.maven.surefire.booter.ForkedBooter.runSuitesInProcess(ForkedBooter.java:456)
	at org.apache.maven.surefire.booter.ForkedBooter.execute(ForkedBooter.java:169)
	at org.apache.maven.surefire.booter.ForkedBooter.run(ForkedBooter.java:595)
	at org.apache.maven.surefire.booter.ForkedBooter.main(ForkedBooter.java:581)
]]></failure>
    <system-err><![CDATA[SLF4J: Failed to load class "org.slf4j.impl.StaticLoggerBinder".
SLF4J: Defaulting to no-operation (NOP) logger implementation
SLF4J: See http://www.slf4j.org/codes.html#StaticLoggerBinder for further details.
]]></system-err>
  </testcase>
  <testcase name="verifyTheDoulbeNumberAreTheSome" classname="com.n3qa.lecture14.testng.a1_assertions.AssertEqualsDemonstration" time="0.002">
    <failure message="expected:&lt;4.109999999999999&gt; but was:&lt;2+2.11&gt;" type="java.lang.AssertionError"><![CDATA[java.lang.AssertionError: expected:<4.109999999999999> but was:<2+2.11>
	at org.testng.AssertJUnit.fail(AssertJUnit.java:65)
	at org.testng.AssertJUnit.failNotEquals(AssertJUnit.java:467)
	at org.testng.AssertJUnit.assertEquals(AssertJUnit.java:88)
	at org.testng.AssertJUnit.assertEquals(AssertJUnit.java:98)
	at com.n3qa.lecture14.testng.a1_assertions.AssertEqualsDemonstration.verifyTheDoulbeNumberAreTheSome(AssertEqualsDemonstration.java:23)
	at java.base/jdk.internal.reflect.DirectMethodHandleAccessor.invoke(DirectMethodHandleAccessor.java:103)
	at java.base/java.lang.reflect.Method.invoke(Method.java:580)
	at org.testng.internal.invokers.MethodInvocationHelper.invokeMethod(MethodInvocationHelper.java:141)
	at org.testng.internal.invokers.TestInvoker.invokeMethod(TestInvoker.java:686)
	at org.testng.internal.invokers.TestInvoker.invokeTestMethod(TestInvoker.java:230)
	at org.testng.internal.invokers.MethodRunner.runInSequence(MethodRunner.java:63)
	at org.testng.internal.invokers.TestInvoker$MethodInvocationAgent.invoke(TestInvoker.java:992)
	at org.testng.internal.invokers.TestInvoker.invokeTestMethods(TestInvoker.java:203)
	at org.testng.internal.invokers.TestMethodWorker.invokeTestMethods(TestMethodWorker.java:154)
	at org.testng.internal.invokers.TestMethodWorker.run(TestMethodWorker.java:134)
	at java.base/java.util.ArrayList.forEach(ArrayList.java:1597)
	at org.testng.TestRunner.privateRun(TestRunner.java:739)
	at org.testng.TestRunner.run(TestRunner.java:614)
	at org.testng.SuiteRunner.runTest(SuiteRunner.java:421)
	at org.testng.SuiteRunner.runSequentially(SuiteRunner.java:413)
	at org.testng.SuiteRunner.privateRun(SuiteRunner.java:373)
	at org.testng.SuiteRunner.run(SuiteRunner.java:312)
	at org.testng.SuiteRunnerWorker.runSuite(SuiteRunnerWorker.java:52)
	at org.testng.SuiteRunnerWorker.run(SuiteRunnerWorker.java:95)
	at org.testng.TestNG.runSuitesSequentially(TestNG.java:1274)
	at org.testng.TestNG.runSuitesLocally(TestNG.java:1208)
	at org.testng.TestNG.runSuites(TestNG.java:1112)
	at org.testng.TestNG.run(TestNG.java:1079)
	at org.apache.maven.surefire.testng.TestNGExecutor.run(TestNGExecutor.java:324)
	at org.apache.maven.surefire.testng.TestNGXmlTestSuite.execute(TestNGXmlTestSuite.java:74)
	at org.apache.maven.surefire.testng.TestNGProvider.invoke(TestNGProvider.java:123)
	at org.apache.maven.surefire.booter.ForkedBooter.runSuitesInProcess(ForkedBooter.java:456)
	at org.apache.maven.surefire.booter.ForkedBooter.execute(ForkedBooter.java:169)
	at org.apache.maven.surefire.booter.ForkedBooter.run(ForkedBooter.java:595)
	at org.apache.maven.surefire.booter.ForkedBooter.main(ForkedBooter.java:581)
]]></failure>
  </testcase>
  <testcase name="verifyTheFirstNumberIsBigger" classname="com.n3qa.lecture14.testng.a1_assertions.AssertEqualsDemonstration" time="0.003">
    <failure message="expected:&lt;false&gt; but was:&lt;true&gt;" type="java.lang.AssertionError"><![CDATA[java.lang.AssertionError: expected:<false> but was:<true>
	at org.testng.AssertJUnit.fail(AssertJUnit.java:65)
	at org.testng.AssertJUnit.failNotEquals(AssertJUnit.java:467)
	at org.testng.AssertJUnit.assertEquals(AssertJUnit.java:88)
	at org.testng.AssertJUnit.assertEquals(AssertJUnit.java:230)
	at org.testng.AssertJUnit.assertEquals(AssertJUnit.java:240)
	at com.n3qa.lecture14.testng.a1_assertions.AssertEqualsDemonstration.verifyTheFirstNumberIsBigger(AssertEqualsDemonstration.java:43)
	at java.base/jdk.internal.reflect.DirectMethodHandleAccessor.invoke(DirectMethodHandleAccessor.java:103)
	at java.base/java.lang.reflect.Method.invoke(Method.java:580)
	at org.testng.internal.invokers.MethodInvocationHelper.invokeMethod(MethodInvocationHelper.java:141)
	at org.testng.internal.invokers.TestInvoker.invokeMethod(TestInvoker.java:686)
	at org.testng.internal.invokers.TestInvoker.invokeTestMethod(TestInvoker.java:230)
	at org.testng.internal.invokers.MethodRunner.runInSequence(MethodRunner.java:63)
	at org.testng.internal.invokers.TestInvoker$MethodInvocationAgent.invoke(TestInvoker.java:992)
	at org.testng.internal.invokers.TestInvoker.invokeTestMethods(TestInvoker.java:203)
	at org.testng.internal.invokers.TestMethodWorker.invokeTestMethods(TestMethodWorker.java:154)
	at org.testng.internal.invokers.TestMethodWorker.run(TestMethodWorker.java:134)
	at java.base/java.util.ArrayList.forEach(ArrayList.java:1597)
	at org.testng.TestRunner.privateRun(TestRunner.java:739)
	at org.testng.TestRunner.run(TestRunner.java:614)
	at org.testng.SuiteRunner.runTest(SuiteRunner.java:421)
	at org.testng.SuiteRunner.runSequentially(SuiteRunner.java:413)
	at org.testng.SuiteRunner.privateRun(SuiteRunner.java:373)
	at org.testng.SuiteRunner.run(SuiteRunner.java:312)
	at org.testng.SuiteRunnerWorker.runSuite(SuiteRunnerWorker.java:52)
	at org.testng.SuiteRunnerWorker.run(SuiteRunnerWorker.java:95)
	at org.testng.TestNG.runSuitesSequentially(TestNG.java:1274)
	at org.testng.TestNG.runSuitesLocally(TestNG.java:1208)
	at org.testng.TestNG.runSuites(TestNG.java:1112)
	at org.testng.TestNG.run(TestNG.java:1079)
	at org.apache.maven.surefire.testng.TestNGExecutor.run(TestNGExecutor.java:324)
	at org.apache.maven.surefire.testng.TestNGXmlTestSuite.execute(TestNGXmlTestSuite.java:74)
	at org.apache.maven.surefire.testng.TestNGProvider.invoke(TestNGProvider.java:123)
	at org.apache.maven.surefire.booter.ForkedBooter.runSuitesInProcess(ForkedBooter.java:456)
	at org.apache.maven.surefire.booter.ForkedBooter.execute(ForkedBooter.java:169)
	at org.apache.maven.surefire.booter.ForkedBooter.run(ForkedBooter.java:595)
	at org.apache.maven.surefire.booter.ForkedBooter.main(ForkedBooter.java:581)
]]></failure>
  </testcase>
  <testcase name="verifyTheWordsAreTheSome" classname="com.n3qa.lecture14.testng.a1_assertions.AssertEqualsDemonstration" time="0.001">
    <failure message="expected:&lt;Hello Adam&gt; but was:&lt;Hello Adaam!&gt;" type="java.lang.AssertionError"><![CDATA[java.lang.AssertionError: expected:<Hello Adam> but was:<Hello Adaam!>
	at org.testng.AssertJUnit.assertEquals(AssertJUnit.java:115)
	at org.testng.AssertJUnit.assertEquals(AssertJUnit.java:125)
	at com.n3qa.lecture14.testng.a1_assertions.AssertEqualsDemonstration.verifyTheWordsAreTheSome(AssertEqualsDemonstration.java:32)
	at java.base/jdk.internal.reflect.DirectMethodHandleAccessor.invoke(DirectMethodHandleAccessor.java:103)
	at java.base/java.lang.reflect.Method.invoke(Method.java:580)
	at org.testng.internal.invokers.MethodInvocationHelper.invokeMethod(MethodInvocationHelper.java:141)
	at org.testng.internal.invokers.TestInvoker.invokeMethod(TestInvoker.java:686)
	at org.testng.internal.invokers.TestInvoker.invokeTestMethod(TestInvoker.java:230)
	at org.testng.internal.invokers.MethodRunner.runInSequence(MethodRunner.java:63)
	at org.testng.internal.invokers.TestInvoker$MethodInvocationAgent.invoke(TestInvoker.java:992)
	at org.testng.internal.invokers.TestInvoker.invokeTestMethods(TestInvoker.java:203)
	at org.testng.internal.invokers.TestMethodWorker.invokeTestMethods(TestMethodWorker.java:154)
	at org.testng.internal.invokers.TestMethodWorker.run(TestMethodWorker.java:134)
	at java.base/java.util.ArrayList.forEach(ArrayList.java:1597)
	at org.testng.TestRunner.privateRun(TestRunner.java:739)
	at org.testng.TestRunner.run(TestRunner.java:614)
	at org.testng.SuiteRunner.runTest(SuiteRunner.java:421)
	at org.testng.SuiteRunner.runSequentially(SuiteRunner.java:413)
	at org.testng.SuiteRunner.privateRun(SuiteRunner.java:373)
	at org.testng.SuiteRunner.run(SuiteRunner.java:312)
	at org.testng.SuiteRunnerWorker.runSuite(SuiteRunnerWorker.java:52)
	at org.testng.SuiteRunnerWorker.run(SuiteRunnerWorker.java:95)
	at org.testng.TestNG.runSuitesSequentially(TestNG.java:1274)
	at org.testng.TestNG.runSuitesLocally(TestNG.java:1208)
	at org.testng.TestNG.runSuites(TestNG.java:1112)
	at org.testng.TestNG.run(TestNG.java:1079)
	at org.apache.maven.surefire.testng.TestNGExecutor.run(TestNGExecutor.java:324)
	at org.apache.maven.surefire.testng.TestNGXmlTestSuite.execute(TestNGXmlTestSuite.java:74)
	at org.apache.maven.surefire.testng.TestNGProvider.invoke(TestNGProvider.java:123)
	at org.apache.maven.surefire.booter.ForkedBooter.runSuitesInProcess(ForkedBooter.java:456)
	at org.apache.maven.surefire.booter.ForkedBooter.execute(ForkedBooter.java:169)
	at org.apache.maven.surefire.booter.ForkedBooter.run(ForkedBooter.java:595)
	at org.apache.maven.surefire.booter.ForkedBooter.main(ForkedBooter.java:581)
]]></failure>
  </testcase>
  <testcase name="verifyFirstProvidedNumberIsBiggerThanTheSecondProvidedNumber" classname="com.n3qa.lecture14.testng.a1_assertions.AssertFalseDemonstration" time="0.003"/>
  <testcase name="verifyProvidedTextIsNotNull_FAIL" classname="com.n3qa.lecture14.testng.a1_assertions.AssertNotNullDemonstration" time="0.001">
    <failure message="expected object to not be null" type="java.lang.AssertionError"><![CDATA[java.lang.AssertionError: expected object to not be null
	at org.testng.Assert.fail(Assert.java:111)
	at org.testng.Assert.assertNotNull(Assert.java:1484)
	at org.testng.Assert.assertNotNull(Assert.java:1468)
	at com.n3qa.lecture14.testng.a1_assertions.AssertNotNullDemonstration.verifyProvidedTextIsNotNull_FAIL(AssertNotNullDemonstration.java:55)
	at java.base/jdk.internal.reflect.DirectMethodHandleAccessor.invoke(DirectMethodHandleAccessor.java:103)
	at java.base/java.lang.reflect.Method.invoke(Method.java:580)
	at org.testng.internal.invokers.MethodInvocationHelper.invokeMethod(MethodInvocationHelper.java:141)
	at org.testng.internal.invokers.TestInvoker.invokeMethod(TestInvoker.java:686)
	at org.testng.internal.invokers.TestInvoker.invokeTestMethod(TestInvoker.java:230)
	at org.testng.internal.invokers.MethodRunner.runInSequence(MethodRunner.java:63)
	at org.testng.internal.invokers.TestInvoker$MethodInvocationAgent.invoke(TestInvoker.java:992)
	at org.testng.internal.invokers.TestInvoker.invokeTestMethods(TestInvoker.java:203)
	at org.testng.internal.invokers.TestMethodWorker.invokeTestMethods(TestMethodWorker.java:154)
	at org.testng.internal.invokers.TestMethodWorker.run(TestMethodWorker.java:134)
	at java.base/java.util.ArrayList.forEach(ArrayList.java:1597)
	at org.testng.TestRunner.privateRun(TestRunner.java:739)
	at org.testng.TestRunner.run(TestRunner.java:614)
	at org.testng.SuiteRunner.runTest(SuiteRunner.java:421)
	at org.testng.SuiteRunner.runSequentially(SuiteRunner.java:413)
	at org.testng.SuiteRunner.privateRun(SuiteRunner.java:373)
	at org.testng.SuiteRunner.run(SuiteRunner.java:312)
	at org.testng.SuiteRunnerWorker.runSuite(SuiteRunnerWorker.java:52)
	at org.testng.SuiteRunnerWorker.run(SuiteRunnerWorker.java:95)
	at org.testng.TestNG.runSuitesSequentially(TestNG.java:1274)
	at org.testng.TestNG.runSuitesLocally(TestNG.java:1208)
	at org.testng.TestNG.runSuites(TestNG.java:1112)
	at org.testng.TestNG.run(TestNG.java:1079)
	at org.apache.maven.surefire.testng.TestNGExecutor.run(TestNGExecutor.java:324)
	at org.apache.maven.surefire.testng.TestNGXmlTestSuite.execute(TestNGXmlTestSuite.java:74)
	at org.apache.maven.surefire.testng.TestNGProvider.invoke(TestNGProvider.java:123)
	at org.apache.maven.surefire.booter.ForkedBooter.runSuitesInProcess(ForkedBooter.java:456)
	at org.apache.maven.surefire.booter.ForkedBooter.execute(ForkedBooter.java:169)
	at org.apache.maven.surefire.booter.ForkedBooter.run(ForkedBooter.java:595)
	at org.apache.maven.surefire.booter.ForkedBooter.main(ForkedBooter.java:581)
]]></failure>
  </testcase>
  <testcase name="verifyProvidedTextIsNotNull_FAIL_With_MSG" classname="com.n3qa.lecture14.testng.a1_assertions.AssertNotNullDemonstration" time="0.001">
    <failure message=" !!! The string is null !!! expected object to not be null" type="java.lang.AssertionError"><![CDATA[java.lang.AssertionError:  !!! The string is null !!! expected object to not be null
	at org.testng.Assert.fail(Assert.java:111)
	at org.testng.Assert.assertNotNull(Assert.java:1484)
	at com.n3qa.lecture14.testng.a1_assertions.AssertNotNullDemonstration.verifyProvidedTextIsNotNull_FAIL_With_MSG(AssertNotNullDemonstration.java:60)
	at java.base/jdk.internal.reflect.DirectMethodHandleAccessor.invoke(DirectMethodHandleAccessor.java:103)
	at java.base/java.lang.reflect.Method.invoke(Method.java:580)
	at org.testng.internal.invokers.MethodInvocationHelper.invokeMethod(MethodInvocationHelper.java:141)
	at org.testng.internal.invokers.TestInvoker.invokeMethod(TestInvoker.java:686)
	at org.testng.internal.invokers.TestInvoker.invokeTestMethod(TestInvoker.java:230)
	at org.testng.internal.invokers.MethodRunner.runInSequence(MethodRunner.java:63)
	at org.testng.internal.invokers.TestInvoker$MethodInvocationAgent.invoke(TestInvoker.java:992)
	at org.testng.internal.invokers.TestInvoker.invokeTestMethods(TestInvoker.java:203)
	at org.testng.internal.invokers.TestMethodWorker.invokeTestMethods(TestMethodWorker.java:154)
	at org.testng.internal.invokers.TestMethodWorker.run(TestMethodWorker.java:134)
	at java.base/java.util.ArrayList.forEach(ArrayList.java:1597)
	at org.testng.TestRunner.privateRun(TestRunner.java:739)
	at org.testng.TestRunner.run(TestRunner.java:614)
	at org.testng.SuiteRunner.runTest(SuiteRunner.java:421)
	at org.testng.SuiteRunner.runSequentially(SuiteRunner.java:413)
	at org.testng.SuiteRunner.privateRun(SuiteRunner.java:373)
	at org.testng.SuiteRunner.run(SuiteRunner.java:312)
	at org.testng.SuiteRunnerWorker.runSuite(SuiteRunnerWorker.java:52)
	at org.testng.SuiteRunnerWorker.run(SuiteRunnerWorker.java:95)
	at org.testng.TestNG.runSuitesSequentially(TestNG.java:1274)
	at org.testng.TestNG.runSuitesLocally(TestNG.java:1208)
	at org.testng.TestNG.runSuites(TestNG.java:1112)
	at org.testng.TestNG.run(TestNG.java:1079)
	at org.apache.maven.surefire.testng.TestNGExecutor.run(TestNGExecutor.java:324)
	at org.apache.maven.surefire.testng.TestNGXmlTestSuite.execute(TestNGXmlTestSuite.java:74)
	at org.apache.maven.surefire.testng.TestNGProvider.invoke(TestNGProvider.java:123)
	at org.apache.maven.surefire.booter.ForkedBooter.runSuitesInProcess(ForkedBooter.java:456)
	at org.apache.maven.surefire.booter.ForkedBooter.execute(ForkedBooter.java:169)
	at org.apache.maven.surefire.booter.ForkedBooter.run(ForkedBooter.java:595)
	at org.apache.maven.surefire.booter.ForkedBooter.main(ForkedBooter.java:581)
]]></failure>
  </testcase>
  <testcase name="verifyThereIsNoNullTextProvided" classname="com.n3qa.lecture14.testng.a1_assertions.AssertNotNullDemonstration" time="0"/>
  <testcase name="verifyThereIsNoNullTextProvidedMSGonFail" classname="com.n3qa.lecture14.testng.a1_assertions.AssertNotNullDemonstration" time="0"/>
  <testcase name="verifyTheProvidedTextsAreNotTheSame" classname="com.n3qa.lecture14.testng.a1_assertions.AssertNotSameExample" time="0.001"/>
  <testcase name="verifyTheProvidedTextsAreNotTheSameMSGonFail" classname="com.n3qa.lecture14.testng.a1_assertions.AssertNotSameExample" time="0.001"/>
  <testcase name="myTest" classname="com.n3qa.lecture14.testng.a1_assertions.HardAssertExample" time="0.007">
    <failure message="expected [true] but found [false]" type="java.lang.AssertionError"><![CDATA[java.lang.AssertionError: expected [true] but found [false]
	at org.testng.Assert.fail(Assert.java:111)
	at org.testng.Assert.failNotEquals(Assert.java:1578)
	at org.testng.Assert.assertTrue(Assert.java:57)
	at org.testng.Assert.assertTrue(Assert.java:67)
	at com.n3qa.lecture14.testng.a1_assertions.HardAssertExample.myTest(HardAssertExample.java:11)
	at java.base/jdk.internal.reflect.DirectMethodHandleAccessor.invoke(DirectMethodHandleAccessor.java:103)
	at java.base/java.lang.reflect.Method.invoke(Method.java:580)
	at org.testng.internal.invokers.MethodInvocationHelper.invokeMethod(MethodInvocationHelper.java:141)
	at org.testng.internal.invokers.TestInvoker.invokeMethod(TestInvoker.java:686)
	at org.testng.internal.invokers.TestInvoker.invokeTestMethod(TestInvoker.java:230)
	at org.testng.internal.invokers.MethodRunner.runInSequence(MethodRunner.java:63)
	at org.testng.internal.invokers.TestInvoker$MethodInvocationAgent.invoke(TestInvoker.java:992)
	at org.testng.internal.invokers.TestInvoker.invokeTestMethods(TestInvoker.java:203)
	at org.testng.internal.invokers.TestMethodWorker.invokeTestMethods(TestMethodWorker.java:154)
	at org.testng.internal.invokers.TestMethodWorker.run(TestMethodWorker.java:134)
	at java.base/java.util.ArrayList.forEach(ArrayList.java:1597)
	at org.testng.TestRunner.privateRun(TestRunner.java:739)
	at org.testng.TestRunner.run(TestRunner.java:614)
	at org.testng.SuiteRunner.runTest(SuiteRunner.java:421)
	at org.testng.SuiteRunner.runSequentially(SuiteRunner.java:413)
	at org.testng.SuiteRunner.privateRun(SuiteRunner.java:373)
	at org.testng.SuiteRunner.run(SuiteRunner.java:312)
	at org.testng.SuiteRunnerWorker.runSuite(SuiteRunnerWorker.java:52)
	at org.testng.SuiteRunnerWorker.run(SuiteRunnerWorker.java:95)
	at org.testng.TestNG.runSuitesSequentially(TestNG.java:1274)
	at org.testng.TestNG.runSuitesLocally(TestNG.java:1208)
	at org.testng.TestNG.runSuites(TestNG.java:1112)
	at org.testng.TestNG.run(TestNG.java:1079)
	at org.apache.maven.surefire.testng.TestNGExecutor.run(TestNGExecutor.java:324)
	at org.apache.maven.surefire.testng.TestNGXmlTestSuite.execute(TestNGXmlTestSuite.java:74)
	at org.apache.maven.surefire.testng.TestNGProvider.invoke(TestNGProvider.java:123)
	at org.apache.maven.surefire.booter.ForkedBooter.runSuitesInProcess(ForkedBooter.java:456)
	at org.apache.maven.surefire.booter.ForkedBooter.execute(ForkedBooter.java:169)
	at org.apache.maven.surefire.booter.ForkedBooter.run(ForkedBooter.java:595)
	at org.apache.maven.surefire.booter.ForkedBooter.main(ForkedBooter.java:581)
]]></failure>
  </testcase>
  <testcase name="myTestTwo" classname="com.n3qa.lecture14.testng.a1_assertions.HardAssertExample" time="0.002"/>
  <testcase name="myTest" classname="com.n3qa.lecture14.testng.a1_assertions.HardAssertTryCatchExample" time="0.002">
    <system-out><![CDATA[End of my Test
]]></system-out>
  </testcase>
  <testcase name="myTestTwo" classname="com.n3qa.lecture14.testng.a1_assertions.HardAssertTryCatchExample" time="0.001"/>
  <testcase name="myTest" classname="com.n3qa.lecture14.testng.a1_assertions.SoftAssertExample" time="0.009">
    <failure message="The following asserts failed:&#10;	expected [true] but found [false],&#10;	expected [true] but found [false]" type="java.lang.AssertionError"><![CDATA[java.lang.AssertionError: 
The following asserts failed:
	expected [true] but found [false],
	expected [true] but found [false]
	at org.testng.asserts.SoftAssert.assertAll(SoftAssert.java:46)
	at org.testng.asserts.SoftAssert.assertAll(SoftAssert.java:30)
	at com.n3qa.lecture14.testng.a1_assertions.SoftAssertExample.myTest(SoftAssertExample.java:22)
	at java.base/jdk.internal.reflect.DirectMethodHandleAccessor.invoke(DirectMethodHandleAccessor.java:103)
	at java.base/java.lang.reflect.Method.invoke(Method.java:580)
	at org.testng.internal.invokers.MethodInvocationHelper.invokeMethod(MethodInvocationHelper.java:141)
	at org.testng.internal.invokers.TestInvoker.invokeMethod(TestInvoker.java:686)
	at org.testng.internal.invokers.TestInvoker.invokeTestMethod(TestInvoker.java:230)
	at org.testng.internal.invokers.MethodRunner.runInSequence(MethodRunner.java:63)
	at org.testng.internal.invokers.TestInvoker$MethodInvocationAgent.invoke(TestInvoker.java:992)
	at org.testng.internal.invokers.TestInvoker.invokeTestMethods(TestInvoker.java:203)
	at org.testng.internal.invokers.TestMethodWorker.invokeTestMethods(TestMethodWorker.java:154)
	at org.testng.internal.invokers.TestMethodWorker.run(TestMethodWorker.java:134)
	at java.base/java.util.ArrayList.forEach(ArrayList.java:1597)
	at org.testng.TestRunner.privateRun(TestRunner.java:739)
	at org.testng.TestRunner.run(TestRunner.java:614)
	at org.testng.SuiteRunner.runTest(SuiteRunner.java:421)
	at org.testng.SuiteRunner.runSequentially(SuiteRunner.java:413)
	at org.testng.SuiteRunner.privateRun(SuiteRunner.java:373)
	at org.testng.SuiteRunner.run(SuiteRunner.java:312)
	at org.testng.SuiteRunnerWorker.runSuite(SuiteRunnerWorker.java:52)
	at org.testng.SuiteRunnerWorker.run(SuiteRunnerWorker.java:95)
	at org.testng.TestNG.runSuitesSequentially(TestNG.java:1274)
	at org.testng.TestNG.runSuitesLocally(TestNG.java:1208)
	at org.testng.TestNG.runSuites(TestNG.java:1112)
	at org.testng.TestNG.run(TestNG.java:1079)
	at org.apache.maven.surefire.testng.TestNGExecutor.run(TestNGExecutor.java:324)
	at org.apache.maven.surefire.testng.TestNGXmlTestSuite.execute(TestNGXmlTestSuite.java:74)
	at org.apache.maven.surefire.testng.TestNGProvider.invoke(TestNGProvider.java:123)
	at org.apache.maven.surefire.booter.ForkedBooter.runSuitesInProcess(ForkedBooter.java:456)
	at org.apache.maven.surefire.booter.ForkedBooter.execute(ForkedBooter.java:169)
	at org.apache.maven.surefire.booter.ForkedBooter.run(ForkedBooter.java:595)
	at org.apache.maven.surefire.booter.ForkedBooter.main(ForkedBooter.java:581)
]]></failure>
    <system-out><![CDATA[FIRST CHECK DONE HERE
SECOND CHECK DONE HERE
WILL STOP HERE 
]]></system-out>
  </testcase>
  <testcase name="myTestTwo" classname="com.n3qa.lecture14.testng.a1_assertions.SoftAssertExample" time="0.001"/>
  <testcase name="verifyUserCanCreateANewPost" classname="com.n3qa.lecture14.testng.a2_annotations.before.LoginFeature" time="0">
    <system-out><![CDATA[
 \/  \/   \/  Operational system BUILD PATHS to BROWSERS \/  \/   \/ 
*****************************************************

*****
BEFORE BEFORE METHOD METHOD METHOD

 \/  \/   \/ Browser history is deleted \/  \/   \/ 
*****************************************************

 \/  \/   \/ Set browser windows height and width \/  \/   \/ 
*****************************************************

===   TEST CASE : verify the user can create a new post   ==== 
STEP 1: The user has navigated to post feed page for device with resolution and OS
STEP 2: The user has clicked on create a new post button
STEP 3: The populates with valid data the new post form
STEP 4: The use clicks on submit new post button
STEP 5: The new post information was submitted and the user was redirected to post feed page/n
]]></system-out>
  </testcase>
  <testcase name="verifyUserCanUpdateProfileGenderInformation" classname="com.n3qa.lecture14.testng.a2_annotations.before.LoginFeature" time="0.001">
    <system-out><![CDATA[
&&&&&&&&&&&&&&&&&&&&&&&&&&&&&&&&&&&
AFTER EVERYT METHOD A SCEEN SHOT FOR THE PAGE IS TAKEN
&&&&&&&&&&&&&&&&&&&&&&&&&&&&&&&&&&&


*****
BEFORE BEFORE METHOD METHOD METHOD

 \/  \/   \/ Browser history is deleted \/  \/   \/ 
*****************************************************

 \/  \/   \/ Set browser windows height and width \/  \/   \/ 
*****************************************************

===   TEST CASE : Verify user can update profile gender information.   ==== 
STEP 1: The user has navigated on the my account page aka profile page for device with resolution and OS
STEP 2: The clicked on edit profile gender information button
STEP 3: The user has provided sex
STEP 4:  The user has clicked on submit profile edited information
STEP 5:  The profile information was submitted and the user was redirected to my account page/n
]]></system-out>
  </testcase>
  <testcase name="verifyUserCanCreateANewPost" classname="com.n3qa.lecture14.testng.a2_annotations.before.PostFeature" time="0.003">
    <system-out><![CDATA[
&&&&&&&&&&&&&&&&&&&&&&&&&&&&&&&&&&&
AFTER EVERYT METHOD A SCEEN SHOT FOR THE PAGE IS TAKEN
&&&&&&&&&&&&&&&&&&&&&&&&&&&&&&&&&&&


 %%%%  CLEAR cookies and set browser settings %%%% 
*****************************************************

===   TEST CASE : verify the user can create a new post   ==== 
STEP 1: The user has navigated to post feed page for device with resolution and OS
STEP 2: The user has clicked on create a new post button
STEP 3: The populates with valid data the new post form
STEP 4: The use clicks on submit new post button
STEP 5: The new post information was submitted and the user was redirected to post feed page/n
]]></system-out>
  </testcase>
  <testcase name="verifyUserCanUpdateProfileGenderInformation" classname="com.n3qa.lecture14.testng.a2_annotations.before.PostFeature" time="0.001">
    <system-out><![CDATA[
 %%%%  CLEAR cookies and set browser settings %%%% 
*****************************************************

===   TEST CASE : Verify user can update profile gender information.   ==== 
STEP 1: The user has navigated on the my account page aka profile page for device with resolution and OS
STEP 2: The clicked on edit profile gender information button
STEP 3: The user has provided sex
STEP 4:  The user has clicked on submit profile edited information
STEP 5:  The profile information was submitted and the user was redirected to my account page/n
]]></system-out>
  </testcase>
  <testcase name="firstPriorityTestCase" classname="com.n3qa.lecture14.testng.a3_prio.PriorityDemonstration" time="0.001">
    <system-out><![CDATA[PRIORITY !!! 1 !!!  Verify user can login
]]></system-out>
  </testcase>
  <testcase name="secondPriorityTestCase" classname="com.n3qa.lecture14.testng.a3_prio.PriorityDemonstration" time="0.001">
    <system-out><![CDATA[PRIORITY  @@@ 2 @@@   Verify user can login
]]></system-out>
  </testcase>
  <testcase name="thirdPriorityTestCase" classname="com.n3qa.lecture14.testng.a3_prio.PriorityDemonstration" time="0.001">
    <system-out><![CDATA[PRIORITY  ### 3 ###  Verify user can login
]]></system-out>
  </testcase>
  <testcase name="verifyCarEngineCanStart" classname="com.n3qa.lecture14.testng.a4_dependings.DependencyDemonstration" time="0.006">
    <system-out><![CDATA[
\/  \/  \/  \/
 Verify user can start car engine 
\/  \/  \/  \/

*************************************************
STEP 1: Car Engine button was pushed once
STEP 2: Car Engine electricity and electrical monitoring system started as per requirements 
STEP 3: Car Engine start with initial motion rotation capacity
]]></system-out>
  </testcase>
  <testcase name="verifyFrontTyresDirectionControlledByCarWheelMovement" classname="com.n3qa.lecture14.testng.a4_dependings.DependencyDemonstration" time="0.008">
    <system-out><![CDATA[
\/  \/  \/  \/
 verify front tyres direction controlled by car wheel movement 
\/  \/  \/  \/

*************************************************
STEP 1: The user has turn on the wheel to the right
STEP 2: The tyres are turned on to the right accordingly 
]]></system-out>
  </testcase>
  <testcase name="verifyUserCanIncreaseSpeedLevelByGasPedal" classname="com.n3qa.lecture14.testng.a4_dependings.DependencyDemonstration" time="0.009">
    <system-out><![CDATA[
\/  \/  \/  \/
 Verify user can increase car speed level by tapping on gas pedal 
\/  \/  \/  \/

*************************************************
STEP 1: Verify user can start car engine 
STEP 2: The user pushes the gas pedal and the car starts to move
STEP 3: The user does not push the car gas pedal and the car is not moving
]]></system-out>
  </testcase>
  <testcase name="verifyUserCanDecreaseSpeedLevelByGasPedal" classname="com.n3qa.lecture14.testng.a4_dependings.DependencyDemonstration" time="0.004">
    <system-out><![CDATA[
\/  \/  \/  \/
 Verify user can decrease car speed level by tapping on gas pedal 
\/  \/  \/  \/

*************************************************
STEP 1: Verify car speed level is increased 
STEP 2: The user has moved 50% up the foot body from the gas pedal
STEP 3: The car speed level is reduced as per requirements
]]></system-out>
  </testcase>
  <testcase name="someTestCaseLivesHere" classname="com.n3qa.lecture14.testng.a5_grouping.SecondGroupingDemonstration" time="0.002">
    <system-out><![CDATA[THIS IS A test case from the second different class
]]></system-out>
  </testcase>
</testsuite>